LOG(2013-12-16 13:29:57)
connect.multipart() will be removed in connect 3.0
LOG(2013-12-16 13:29:58)
info: socket.io started
LOG(2013-12-16 13:29:58)
visit https://github.com/senchalabs/connect/wiki/Connect-3.0 for alternatives
LOG(2013-12-16 13:29:58)
   socket.io listening on express 8081
   express listening on port 8081
   net socket listen on port 63210
LOG(2013-12-16 13:29:58)
connect.limit() will be removed in connect 3.0
LOG(2013-12-16 13:30:06)
[90mGET / [32m200 [90m49ms[0m
LOG(2013-12-16 13:30:07)
debug: served static content /socket.io.js
LOG(2013-12-16 13:30:07)
[90mPOST /socketlist [32m200 [90m3ms - 30b[0m
LOG(2013-12-16 13:30:07)
debug: client authorized
LOG(2013-12-16 13:30:07)
info: handshake authorized ONSxTZ1KLkPP-7K14dyp
LOG(2013-12-16 13:30:07)
debug: setting request GET /socket.io/1/websocket/ONSxTZ1KLkPP-7K14dyp
LOG(2013-12-16 13:30:07)
debug: set heartbeat interval for client ONSxTZ1KLkPP-7K14dyp
LOG(2013-12-16 13:30:07)
debug: client authorized for 
LOG(2013-12-16 13:30:07)
ONSxTZ1KLkPP-7K14dyp connect.
LOG(2013-12-16 13:30:07)
debug: websocket writing 1::
LOG(2013-12-16 13:30:08)
[90mGET /sensorlist [32m200 [90m13ms[0m
LOG(2013-12-16 13:30:08)
[ { count: 5 } ]
LOG(2013-12-16 13:30:08)
sensorlisttime: 113ms
LOG(2013-12-16 13:30:08)
[90mPOST /sensorlist [32m200 [90m118ms[0m
LOG(2013-12-16 13:30:15)
debug: set close timeout for client ONSxTZ1KLkPP-7K14dyp
debug: cleared close timeout for client ONSxTZ1KLkPP-7K14dyp
debug: cleared heartbeat interval for client ONSxTZ1KLkPP-7K14dyp
ONSxTZ1KLkPP-7K14dyp disconnect.
LOG(2013-12-16 13:30:15)
debug: discarding transport
LOG(2013-12-16 13:30:15)
info: transport end (undefined)
LOG(2013-12-16 13:30:47)
[90mGET /i [33m404 [90m2ms[0m
LOG(2013-12-16 13:32:03)
[90mGET /im [32m200 [90m3ms - 1b[0m
LOG(2013-12-16 13:32:03)
debug: served static content /socket.io.js
LOG(2013-12-16 13:32:05)
debug: client authorized
LOG(2013-12-16 13:32:05)
info: handshake authorized JiAJ7fzKOFibUIFp4dyq
LOG(2013-12-16 13:32:05)
debug: setting request GET /socket.io/1/websocket/JiAJ7fzKOFibUIFp4dyq
LOG(2013-12-16 13:32:05)
debug: set heartbeat interval for client JiAJ7fzKOFibUIFp4dyq
LOG(2013-12-16 13:32:05)
debug: client authorized for 
LOG(2013-12-16 13:32:05)
debug: websocket writing 1::
LOG(2013-12-16 13:32:05)
JiAJ7fzKOFibUIFp4dyq connect.
LOG(2013-12-16 13:32:05)
JiAJ7fzKOFibUIFp4dyq login
LOG(2013-12-16 13:32:05)
debug: broadcasting packet
LOG(2013-12-16 13:32:05)
debug: sending data ack packet
LOG(2013-12-16 13:32:05)
debug: websocket writing 6:::1+[{"result":"ok","user":{"uid":"4","socketid":"JiAJ7fzKOFibUIFp4dyq","sessid":"ff99c2039bff4d96a13f06312deea500","username":"admin","realname":"è¶…çº§ç®¡ç†å‘˜"}}]
LOG(2013-12-16 13:32:05)
{ uid: '4',
  socketid: 'JiAJ7fzKOFibUIFp4dyq',
  sessid: 'ff99c2039bff4d96a13f06312deea500',
  username: 'admin',
  realname: 'è¶…çº§ç®¡ç†å‘˜' } ' login'
LOG(2013-12-16 13:32:05)
login: 48ms
LOG(2013-12-16 13:32:05)
[90mGET /avatar/4 [32m200 [90m15ms - 1.19kb[0m
LOG(2013-12-16 13:32:06)
info: transport end (undefined)
LOG(2013-12-16 13:32:06)
debug: set close timeout for client JiAJ7fzKOFibUIFp4dyq
LOG(2013-12-16 13:32:06)
debug: cleared close timeout for client JiAJ7fzKOFibUIFp4dyq
LOG(2013-12-16 13:32:06)
debug: cleared heartbeat interval for client JiAJ7fzKOFibUIFp4dyq
JiAJ7fzKOFibUIFp4dyq disconnect.
ff99c2039bff4d96a13f06312deea500/4 exit.
LOG(2013-12-16 13:32:06)
{}
otherexit:4
LOG(2013-12-16 13:32:06)
debug: broadcasting packet
debug: discarding transport
LOG(2013-12-16 13:32:06)
[90mGET /im [32m200 [90m1ms - 1b[0m
LOG(2013-12-16 13:32:06)
debug: served static content /socket.io.js
LOG(2013-12-16 13:32:08)
debug: client authorized
LOG(2013-12-16 13:32:08)
info: handshake authorized J_Jq6ZvIgIHgZlzB4dyr
LOG(2013-12-16 13:32:08)
debug: setting request GET /socket.io/1/websocket/J_Jq6ZvIgIHgZlzB4dyr
debug: set heartbeat interval for client J_Jq6ZvIgIHgZlzB4dyr
debug: client authorized for 
debug: websocket writing 1::
J_Jq6ZvIgIHgZlzB4dyr connect.
LOG(2013-12-16 13:32:08)
J_Jq6ZvIgIHgZlzB4dyr login
debug: broadcasting packet
debug: sending data ack packet
debug: websocket writing 6:::1+[{"result":"ok","user":{"uid":"4","socketid":"J_Jq6ZvIgIHgZlzB4dyr","sessid":"ff99c2039bff4d96a13f06312deea500","username":"admin","realname":"è¶…çº§ç®¡ç†å‘˜"}}]
{ uid: '4',
  socketid: 'J_Jq6ZvIgIHgZlzB4dyr',
  sessid: 'ff99c2039bff4d96a13f06312deea500',
  username: 'admin',
  realname: 'è¶…çº§ç®¡ç†å‘˜' } ' login'
login: 3ms
[90mGET /avatar/4 [36m304 [90m9ms[0m
LOG(2013-12-16 13:32:33)
debug: emitting heartbeat for client J_Jq6ZvIgIHgZlzB4dyr
LOG(2013-12-16 13:32:33)
debug: websocket writing 2::
LOG(2013-12-16 13:32:33)
debug: set heartbeat timeout for client J_Jq6ZvIgIHgZlzB4dyr
LOG(2013-12-16 13:32:33)
debug: got heartbeat packet
LOG(2013-12-16 13:32:33)
debug: cleared heartbeat timeout for client J_Jq6ZvIgIHgZlzB4dyr
debug: set heartbeat interval for client J_Jq6ZvIgIHgZlzB4dyr
LOG(2013-12-16 13:32:58)
debug: emitting heartbeat for client J_Jq6ZvIgIHgZlzB4dyr
LOG(2013-12-16 13:32:58)
debug: websocket writing 2::
LOG(2013-12-16 13:32:58)
debug: set heartbeat timeout for client J_Jq6ZvIgIHgZlzB4dyr
LOG(2013-12-16 13:32:58)
debug: got heartbeat packet
LOG(2013-12-16 13:32:58)
debug: cleared heartbeat timeout for client J_Jq6ZvIgIHgZlzB4dyr
debug: set heartbeat interval for client J_Jq6ZvIgIHgZlzB4dyr
LOG(2013-12-16 13:33:09)
info: transport end (undefined)
LOG(2013-12-16 13:33:09)
debug: set close timeout for client J_Jq6ZvIgIHgZlzB4dyr
LOG(2013-12-16 13:33:09)
debug: cleared close timeout for client J_Jq6ZvIgIHgZlzB4dyr
LOG(2013-12-16 13:33:09)
debug: cleared heartbeat interval for client J_Jq6ZvIgIHgZlzB4dyr
LOG(2013-12-16 13:33:09)
J_Jq6ZvIgIHgZlzB4dyr disconnect.
LOG(2013-12-16 13:33:09)
ff99c2039bff4d96a13f06312deea500/4 exit.
LOG(2013-12-16 13:33:09)
{}
LOG(2013-12-16 13:33:09)
debug: broadcasting packet
LOG(2013-12-16 13:33:09)
debug: discarding transport
LOG(2013-12-16 13:33:09)
otherexit:4
LOG(2013-12-16 13:33:09)
[90mGET /im [32m200 [90m1ms - 1b[0m
LOG(2013-12-16 13:33:09)
debug: served static content /socket.io.js
LOG(2013-12-16 13:33:12)
debug: client authorized
LOG(2013-12-16 13:33:12)
info: handshake authorized VgMLqFhGLFG2Q8a74dys
LOG(2013-12-16 13:33:12)
debug: setting request GET /socket.io/1/websocket/VgMLqFhGLFG2Q8a74dys
LOG(2013-12-16 13:33:12)
debug: set heartbeat interval for client VgMLqFhGLFG2Q8a74dys
LOG(2013-12-16 13:33:12)
debug: client authorized for 
LOG(2013-12-16 13:33:12)
debug: websocket writing 1::
LOG(2013-12-16 13:33:12)
VgMLqFhGLFG2Q8a74dys connect.
LOG(2013-12-16 13:33:12)
VgMLqFhGLFG2Q8a74dys login
LOG(2013-12-16 13:33:12)
debug: broadcasting packet
LOG(2013-12-16 13:33:12)
debug: sending data ack packet
LOG(2013-12-16 13:33:12)
debug: websocket writing 6:::1+[{"result":"ok","user":{"uid":"4","socketid":"VgMLqFhGLFG2Q8a74dys","sessid":"ff99c2039bff4d96a13f06312deea500","username":"admin","realname":"è¶…çº§ç®¡ç†å‘˜"}}]
LOG(2013-12-16 13:33:12)
{ uid: '4',
  socketid: 'VgMLqFhGLFG2Q8a74dys',
  sessid: 'ff99c2039bff4d96a13f06312deea500',
  username: 'admin',
  realname: 'è¶…çº§ç®¡ç†å‘˜' } ' login'
LOG(2013-12-16 13:33:12)
login: 2ms
LOG(2013-12-16 13:33:12)
[90mGET /avatar/4 [36m304 [90m4ms[0m
LOG(2013-12-16 13:33:12)
im getonline: {} { uid: '4',
  socketid: 'VgMLqFhGLFG2Q8a74dys',
  sessid: 'ff99c2039bff4d96a13f06312deea500',
  username: 'admin',
  realname: 'è¶…çº§ç®¡ç†å‘˜' }
LOG(2013-12-16 13:33:12)
debug: sending data ack packet
LOG(2013-12-16 13:33:12)
debug: websocket writing 6:::2+[{"result":"ok","onlineusers":["4"]}]
LOG(2013-12-16 13:33:12)
im getnoreadmsg: {} { uid: '4',
  socketid: 'VgMLqFhGLFG2Q8a74dys',
  sessid: 'ff99c2039bff4d96a13f06312deea500',
  username: 'admin',
  realname: 'è¶…çº§ç®¡ç†å‘˜' }
LOG(2013-12-16 13:33:12)
debug: sending data ack packet
LOG(2013-12-16 13:33:12)
debug: websocket writing 6:::3+[{"result":"ok","total":0,"rows":[]}]
getnoreadmsgtime: 173ms
LOG(2013-12-16 13:33:15)
im getnewlymsg: { id: '4' } { uid: '4',
  socketid: 'VgMLqFhGLFG2Q8a74dys',
  sessid: 'ff99c2039bff4d96a13f06312deea500',
  username: 'admin',
  realname: 'è¶…çº§ç®¡ç†å‘˜' }
LOG(2013-12-16 13:33:15)
{ fieldCount: 0,
  affectedRows: 0,
  insertId: 0,
  serverStatus: 2,
  warningCount: 0,
  message: '(Rows matched: 0  Changed: 0  Warnings: 0',
  protocol41: true,
  changedRows: 0 }
LOG(2013-12-16 13:33:15)
debug: sending data ack packet
LOG(2013-12-16 13:33:15)
debug: websocket writing 6:::4+[{"result":"ok","total":1,"rows":[{"id":7,"sid":7,"jsid":4,"fcid":4,"fc":1,"fctime":1382672519,"fcname":"è¶…çº§ç®¡ç†å‘˜","ztitle":"è¶…çº§ç®¡ç†å‘˜ - 2013-10-25 11:41:59","msg":"1212","fujian":"\"\""}]}]
LOG(2013-12-16 13:33:15)
getnewlymsgtime: 28ms
LOG(2013-12-16 13:33:22)
im getnewlymsg: { id: '25' } { uid: '4',
  socketid: 'VgMLqFhGLFG2Q8a74dys',
  sessid: 'ff99c2039bff4d96a13f06312deea500',
  username: 'admin',
  realname: 'è¶…çº§ç®¡ç†å‘˜' }
LOG(2013-12-16 13:33:22)
{ fieldCount: 0,
  affectedRows: 0,
  insertId: 0,
  serverStatus: 2,
  warningCount: 0,
  message: '(Rows matched: 0  Changed: 0  Warnings: 0',
  protocol41: true,
  changedRows: 0 }
debug: sending data ack packet
debug: websocket writing 6:::5+[{"result":"ok","total":0,"rows":[]}]
getnewlymsgtime: 4ms
LOG(2013-12-16 13:33:25)
im getnewlymsg: { id: 4 } { uid: '4',
  socketid: 'VgMLqFhGLFG2Q8a74dys',
  sessid: 'ff99c2039bff4d96a13f06312deea500',
  username: 'admin',
  realname: 'è¶…çº§ç®¡ç†å‘˜' }
LOG(2013-12-16 13:33:25)
{ fieldCount: 0,
  affectedRows: 0,
  insertId: 0,
  serverStatus: 2,
  warningCount: 0,
  message: '(Rows matched: 0  Changed: 0  Warnings: 0',
  protocol41: true,
  changedRows: 0 }
LOG(2013-12-16 13:33:25)
debug: sending data ack packet
debug: websocket writing 6:::6+[{"result":"ok","total":1,"rows":[{"id":7,"sid":7,"jsid":4,"fcid":4,"fc":1,"fctime":1382672519,"fcname":"è¶…çº§ç®¡ç†å‘˜","ztitle":"è¶…çº§ç®¡ç†å‘˜ - 2013-10-25 11:41:59","msg":"1212","fujian":"\"\""}]}]
getnewlymsgtime: 3ms
LOG(2013-12-16 13:33:28)
info: transport end (undefined)
LOG(2013-12-16 13:33:28)
debug: set close timeout for client VgMLqFhGLFG2Q8a74dys
LOG(2013-12-16 13:33:28)
debug: cleared close timeout for client VgMLqFhGLFG2Q8a74dys
LOG(2013-12-16 13:33:28)
debug: cleared heartbeat interval for client VgMLqFhGLFG2Q8a74dys
LOG(2013-12-16 13:33:28)
VgMLqFhGLFG2Q8a74dys disconnect.
LOG(2013-12-16 13:33:28)
ff99c2039bff4d96a13f06312deea500/4 exit.
LOG(2013-12-16 13:33:28)
{}
LOG(2013-12-16 13:33:28)
otherexit:4
LOG(2013-12-16 13:33:28)
debug: broadcasting packet
LOG(2013-12-16 13:33:28)
debug: discarding transport
LOG(2013-12-16 13:33:28)
[90mGET /im [32m200 [90m1ms - 1b[0m
LOG(2013-12-16 13:33:28)
debug: served static content /socket.io.js
LOG(2013-12-16 13:33:30)
debug: client authorized
LOG(2013-12-16 13:33:30)
info: handshake authorized 5NRjyZN_-qlCSxWI4dyt
LOG(2013-12-16 13:33:30)
debug: setting request GET /socket.io/1/websocket/5NRjyZN_-qlCSxWI4dyt
LOG(2013-12-16 13:33:30)
debug: set heartbeat interval for client 5NRjyZN_-qlCSxWI4dyt
LOG(2013-12-16 13:33:30)
debug: client authorized for 
LOG(2013-12-16 13:33:30)
debug: websocket writing 1::
LOG(2013-12-16 13:33:30)
5NRjyZN_-qlCSxWI4dyt connect.
LOG(2013-12-16 13:33:30)
5NRjyZN_-qlCSxWI4dyt login
LOG(2013-12-16 13:33:30)
debug: broadcasting packet
LOG(2013-12-16 13:33:30)
debug: sending data ack packet
LOG(2013-12-16 13:33:30)
debug: websocket writing 6:::1+[{"result":"ok","user":{"uid":"4","socketid":"5NRjyZN_-qlCSxWI4dyt","sessid":"ff99c2039bff4d96a13f06312deea500","username":"admin","realname":"è¶…çº§ç®¡ç†å‘˜"}}]
LOG(2013-12-16 13:33:30)
{ uid: '4',
  socketid: '5NRjyZN_-qlCSxWI4dyt',
  sessid: 'ff99c2039bff4d96a13f06312deea500',
  username: 'admin',
  realname: 'è¶…çº§ç®¡ç†å‘˜' } ' login'
LOG(2013-12-16 13:33:30)
login: 2ms
LOG(2013-12-16 13:33:30)
[90mGET /avatar/4 [36m304 [90m5ms[0m
LOG(2013-12-16 13:33:30)
im getonline: {} { uid: '4',
  socketid: '5NRjyZN_-qlCSxWI4dyt',
  sessid: 'ff99c2039bff4d96a13f06312deea500',
  username: 'admin',
  realname: 'è¶…çº§ç®¡ç†å‘˜' }
LOG(2013-12-16 13:33:30)
debug: sending data ack packet
LOG(2013-12-16 13:33:30)
debug: websocket writing 6:::2+[{"result":"ok","onlineusers":["4"]}]
LOG(2013-12-16 13:33:30)
im getnoreadmsg: {} { uid: '4',
  socketid: '5NRjyZN_-qlCSxWI4dyt',
  sessid: 'ff99c2039bff4d96a13f06312deea500',
  username: 'admin',
  realname: 'è¶…çº§ç®¡ç†å‘˜' }
LOG(2013-12-16 13:33:30)
debug: sending data ack packet
LOG(2013-12-16 13:33:30)
debug: websocket writing 6:::3+[{"result":"ok","total":0,"rows":[]}]
LOG(2013-12-16 13:33:30)
getnoreadmsgtime: 2ms
LOG(2013-12-16 13:33:55)
debug: emitting heartbeat for client 5NRjyZN_-qlCSxWI4dyt
LOG(2013-12-16 13:33:55)
debug: websocket writing 2::
LOG(2013-12-16 13:33:55)
debug: set heartbeat timeout for client 5NRjyZN_-qlCSxWI4dyt
LOG(2013-12-16 13:33:55)
debug: got heartbeat packet
debug: cleared heartbeat timeout for client 5NRjyZN_-qlCSxWI4dyt
LOG(2013-12-16 13:33:55)
debug: set heartbeat interval for client 5NRjyZN_-qlCSxWI4dyt
LOG(2013-12-16 13:34:20)
debug: emitting heartbeat for client 5NRjyZN_-qlCSxWI4dyt
LOG(2013-12-16 13:34:20)
debug: websocket writing 2::
LOG(2013-12-16 13:34:20)
debug: set heartbeat timeout for client 5NRjyZN_-qlCSxWI4dyt
debug: got heartbeat packet
LOG(2013-12-16 13:34:20)
debug: cleared heartbeat timeout for client 5NRjyZN_-qlCSxWI4dyt
debug: set heartbeat interval for client 5NRjyZN_-qlCSxWI4dyt
LOG(2013-12-16 13:34:45)
debug: emitting heartbeat for client 5NRjyZN_-qlCSxWI4dyt
LOG(2013-12-16 13:34:45)
debug: websocket writing 2::
LOG(2013-12-16 13:34:45)
debug: set heartbeat timeout for client 5NRjyZN_-qlCSxWI4dyt
LOG(2013-12-16 13:34:45)
debug: got heartbeat packet
debug: cleared heartbeat timeout for client 5NRjyZN_-qlCSxWI4dyt
debug: set heartbeat interval for client 5NRjyZN_-qlCSxWI4dyt
LOG(2013-12-16 13:35:10)
debug: websocket writing 2::
LOG(2013-12-16 13:35:10)
debug: emitting heartbeat for client 5NRjyZN_-qlCSxWI4dyt
LOG(2013-12-16 13:35:10)
debug: set heartbeat timeout for client 5NRjyZN_-qlCSxWI4dyt
debug: got heartbeat packet
debug: cleared heartbeat timeout for client 5NRjyZN_-qlCSxWI4dyt
debug: set heartbeat interval for client 5NRjyZN_-qlCSxWI4dyt
LOG(2013-12-16 13:35:35)
debug: emitting heartbeat for client 5NRjyZN_-qlCSxWI4dyt
LOG(2013-12-16 13:35:35)
debug: websocket writing 2::
LOG(2013-12-16 13:35:35)
debug: set heartbeat timeout for client 5NRjyZN_-qlCSxWI4dyt
debug: got heartbeat packet
LOG(2013-12-16 13:35:35)
debug: cleared heartbeat timeout for client 5NRjyZN_-qlCSxWI4dyt
debug: set heartbeat interval for client 5NRjyZN_-qlCSxWI4dyt
LOG(2013-12-16 13:36:00)
debug: emitting heartbeat for client 5NRjyZN_-qlCSxWI4dyt
LOG(2013-12-16 13:36:00)
debug: websocket writing 2::
LOG(2013-12-16 13:36:00)
debug: set heartbeat timeout for client 5NRjyZN_-qlCSxWI4dyt
LOG(2013-12-16 13:36:00)
debug: got heartbeat packet
debug: cleared heartbeat timeout for client 5NRjyZN_-qlCSxWI4dyt
debug: set heartbeat interval for client 5NRjyZN_-qlCSxWI4dyt
LOG(2013-12-16 13:36:25)
debug: emitting heartbeat for client 5NRjyZN_-qlCSxWI4dyt
LOG(2013-12-16 13:36:25)
debug: websocket writing 2::
LOG(2013-12-16 13:36:25)
debug: set heartbeat timeout for client 5NRjyZN_-qlCSxWI4dyt
debug: got heartbeat packet
debug: cleared heartbeat timeout for client 5NRjyZN_-qlCSxWI4dyt
LOG(2013-12-16 13:36:25)
debug: set heartbeat interval for client 5NRjyZN_-qlCSxWI4dyt
LOG(2013-12-16 13:36:31)
info: transport end (undefined)
LOG(2013-12-16 13:36:31)
debug: set close timeout for client 5NRjyZN_-qlCSxWI4dyt
LOG(2013-12-16 13:36:31)
debug: cleared close timeout for client 5NRjyZN_-qlCSxWI4dyt
LOG(2013-12-16 13:36:31)
5NRjyZN_-qlCSxWI4dyt disconnect.
LOG(2013-12-16 13:36:31)
ff99c2039bff4d96a13f06312deea500/4 exit.
LOG(2013-12-16 13:36:31)
{}
LOG(2013-12-16 13:36:31)
otherexit:4
LOG(2013-12-16 13:36:31)
debug: broadcasting packet
debug: discarding transport
LOG(2013-12-16 13:36:31)
debug: cleared heartbeat interval for client 5NRjyZN_-qlCSxWI4dyt
LOG(2013-12-16 13:36:31)
[90mGET /im [32m200 [90m1ms - 1b[0m
LOG(2013-12-16 13:36:31)
debug: served static content /socket.io.js
LOG(2013-12-16 13:36:33)
debug: client authorized
LOG(2013-12-16 13:36:33)
info: handshake authorized yIbGmTmk6crJiuqS4dyu
LOG(2013-12-16 13:36:33)
debug: setting request GET /socket.io/1/websocket/yIbGmTmk6crJiuqS4dyu
LOG(2013-12-16 13:36:33)
debug: set heartbeat interval for client yIbGmTmk6crJiuqS4dyu
LOG(2013-12-16 13:36:33)
debug: client authorized for 
LOG(2013-12-16 13:36:33)
debug: websocket writing 1::
LOG(2013-12-16 13:36:33)
yIbGmTmk6crJiuqS4dyu connect.
LOG(2013-12-16 13:36:33)
yIbGmTmk6crJiuqS4dyu login
LOG(2013-12-16 13:36:33)
debug: broadcasting packet
LOG(2013-12-16 13:36:33)
debug: sending data ack packet
LOG(2013-12-16 13:36:33)
debug: websocket writing 6:::1+[{"result":"ok","user":{"uid":"4","socketid":"yIbGmTmk6crJiuqS4dyu","sessid":"ff99c2039bff4d96a13f06312deea500","username":"admin","realname":"è¶…çº§ç®¡ç†å‘˜"}}]
LOG(2013-12-16 13:36:33)
{ uid: '4',
  socketid: 'yIbGmTmk6crJiuqS4dyu',
  sessid: 'ff99c2039bff4d96a13f06312deea500',
  username: 'admin',
  realname: 'è¶…çº§ç®¡ç†å‘˜' } ' login'
LOG(2013-12-16 13:36:33)
login: 4ms
[90mGET /avatar/4 [36m304 [90m3ms[0m
LOG(2013-12-16 13:36:33)
im getonline: {} { uid: '4',
  socketid: 'yIbGmTmk6crJiuqS4dyu',
  sessid: 'ff99c2039bff4d96a13f06312deea500',
  username: 'admin',
  realname: 'è¶…çº§ç®¡ç†å‘˜' }
LOG(2013-12-16 13:36:33)
debug: sending data ack packet
LOG(2013-12-16 13:36:33)
debug: websocket writing 6:::2+[{"result":"ok","onlineusers":["4"]}]
im getnoreadmsg: {} { uid: '4',
  socketid: 'yIbGmTmk6crJiuqS4dyu',
  sessid: 'ff99c2039bff4d96a13f06312deea500',
  username: 'admin',
  realname: 'è¶…çº§ç®¡ç†å‘˜' }
debug: sending data ack packet
debug: websocket writing 6:::3+[{"result":"ok","total":0,"rows":[]}]
LOG(2013-12-16 13:36:33)
getnoreadmsgtime: 4ms
LOG(2013-12-16 13:36:58)
debug: emitting heartbeat for client yIbGmTmk6crJiuqS4dyu
LOG(2013-12-16 13:36:58)
debug: websocket writing 2::
LOG(2013-12-16 13:36:58)
debug: set heartbeat timeout for client yIbGmTmk6crJiuqS4dyu
LOG(2013-12-16 13:36:58)
debug: got heartbeat packet
debug: cleared heartbeat timeout for client yIbGmTmk6crJiuqS4dyu
debug: set heartbeat interval for client yIbGmTmk6crJiuqS4dyu
LOG(2013-12-16 13:37:23)
debug: emitting heartbeat for client yIbGmTmk6crJiuqS4dyu
LOG(2013-12-16 13:37:23)
debug: websocket writing 2::
LOG(2013-12-16 13:37:23)
debug: set heartbeat timeout for client yIbGmTmk6crJiuqS4dyu
LOG(2013-12-16 13:37:23)
debug: got heartbeat packet
LOG(2013-12-16 13:37:23)
debug: cleared heartbeat timeout for client yIbGmTmk6crJiuqS4dyu
LOG(2013-12-16 13:37:23)
debug: set heartbeat interval for client yIbGmTmk6crJiuqS4dyu
LOG(2013-12-16 13:37:48)
debug: emitting heartbeat for client yIbGmTmk6crJiuqS4dyu
LOG(2013-12-16 13:37:48)
debug: websocket writing 2::
LOG(2013-12-16 13:37:48)
debug: set heartbeat timeout for client yIbGmTmk6crJiuqS4dyu
debug: got heartbeat packet
LOG(2013-12-16 13:37:48)
debug: cleared heartbeat timeout for client yIbGmTmk6crJiuqS4dyu
debug: set heartbeat interval for client yIbGmTmk6crJiuqS4dyu
LOG(2013-12-16 13:38:13)
debug: emitting heartbeat for client yIbGmTmk6crJiuqS4dyu
LOG(2013-12-16 13:38:13)
debug: websocket writing 2::
LOG(2013-12-16 13:38:13)
debug: set heartbeat timeout for client yIbGmTmk6crJiuqS4dyu
debug: got heartbeat packet
debug: cleared heartbeat timeout for client yIbGmTmk6crJiuqS4dyu
debug: set heartbeat interval for client yIbGmTmk6crJiuqS4dyu
LOG(2013-12-16 13:38:38)
debug: emitting heartbeat for client yIbGmTmk6crJiuqS4dyu
LOG(2013-12-16 13:38:38)
debug: websocket writing 2::
LOG(2013-12-16 13:38:38)
debug: set heartbeat timeout for client yIbGmTmk6crJiuqS4dyu
LOG(2013-12-16 13:38:38)
debug: got heartbeat packet
debug: cleared heartbeat timeout for client yIbGmTmk6crJiuqS4dyu
LOG(2013-12-16 13:38:38)
debug: set heartbeat interval for client yIbGmTmk6crJiuqS4dyu
LOG(2013-12-16 13:39:03)
debug: emitting heartbeat for client yIbGmTmk6crJiuqS4dyu
LOG(2013-12-16 13:39:03)
debug: websocket writing 2::
debug: set heartbeat timeout for client yIbGmTmk6crJiuqS4dyu
LOG(2013-12-16 13:39:03)
debug: got heartbeat packet
LOG(2013-12-16 13:39:03)
debug: cleared heartbeat timeout for client yIbGmTmk6crJiuqS4dyu
debug: set heartbeat interval for client yIbGmTmk6crJiuqS4dyu
LOG(2013-12-16 13:39:28)
debug: emitting heartbeat for client yIbGmTmk6crJiuqS4dyu
LOG(2013-12-16 13:39:28)
debug: websocket writing 2::
LOG(2013-12-16 13:39:28)
debug: set heartbeat timeout for client yIbGmTmk6crJiuqS4dyu
LOG(2013-12-16 13:39:28)
debug: got heartbeat packet
LOG(2013-12-16 13:39:28)
debug: cleared heartbeat timeout for client yIbGmTmk6crJiuqS4dyu
debug: set heartbeat interval for client yIbGmTmk6crJiuqS4dyu
LOG(2013-12-16 13:39:53)
debug: emitting heartbeat for client yIbGmTmk6crJiuqS4dyu
LOG(2013-12-16 13:39:53)
debug: websocket writing 2::
LOG(2013-12-16 13:39:53)
debug: set heartbeat timeout for client yIbGmTmk6crJiuqS4dyu
LOG(2013-12-16 13:39:53)
debug: got heartbeat packet
LOG(2013-12-16 13:39:53)
debug: cleared heartbeat timeout for client yIbGmTmk6crJiuqS4dyu
debug: set heartbeat interval for client yIbGmTmk6crJiuqS4dyu
LOG(2013-12-16 13:40:18)
debug: emitting heartbeat for client yIbGmTmk6crJiuqS4dyu
LOG(2013-12-16 13:40:18)
debug: websocket writing 2::
LOG(2013-12-16 13:40:18)
debug: set heartbeat timeout for client yIbGmTmk6crJiuqS4dyu
LOG(2013-12-16 13:40:18)
debug: got heartbeat packet
LOG(2013-12-16 13:40:18)
debug: cleared heartbeat timeout for client yIbGmTmk6crJiuqS4dyu
debug: set heartbeat interval for client yIbGmTmk6crJiuqS4dyu
LOG(2013-12-16 13:40:43)
debug: emitting heartbeat for client yIbGmTmk6crJiuqS4dyu
LOG(2013-12-16 13:40:43)
debug: websocket writing 2::
LOG(2013-12-16 13:40:43)
debug: set heartbeat timeout for client yIbGmTmk6crJiuqS4dyu
LOG(2013-12-16 13:40:43)
debug: cleared heartbeat timeout for client yIbGmTmk6crJiuqS4dyu
debug: set heartbeat interval for client yIbGmTmk6crJiuqS4dyu
LOG(2013-12-16 13:40:43)
debug: got heartbeat packet
LOG(2013-12-16 13:41:08)
debug: emitting heartbeat for client yIbGmTmk6crJiuqS4dyu
LOG(2013-12-16 13:41:08)
debug: websocket writing 2::
LOG(2013-12-16 13:41:08)
debug: set heartbeat timeout for client yIbGmTmk6crJiuqS4dyu
LOG(2013-12-16 13:41:08)
debug: got heartbeat packet
LOG(2013-12-16 13:41:08)
debug: cleared heartbeat timeout for client yIbGmTmk6crJiuqS4dyu
debug: set heartbeat interval for client yIbGmTmk6crJiuqS4dyu
LOG(2013-12-16 13:41:33)
debug: emitting heartbeat for client yIbGmTmk6crJiuqS4dyu
LOG(2013-12-16 13:41:33)
debug: websocket writing 2::
LOG(2013-12-16 13:41:33)
debug: set heartbeat timeout for client yIbGmTmk6crJiuqS4dyu
LOG(2013-12-16 13:41:33)
debug: got heartbeat packet
LOG(2013-12-16 13:41:33)
debug: cleared heartbeat timeout for client yIbGmTmk6crJiuqS4dyu
debug: set heartbeat interval for client yIbGmTmk6crJiuqS4dyu
LOG(2013-12-16 13:41:58)
debug: emitting heartbeat for client yIbGmTmk6crJiuqS4dyu
LOG(2013-12-16 13:41:58)
debug: set heartbeat timeout for client yIbGmTmk6crJiuqS4dyu
LOG(2013-12-16 13:41:58)
debug: websocket writing 2::
LOG(2013-12-16 13:41:58)
debug: got heartbeat packet
LOG(2013-12-16 13:41:58)
debug: cleared heartbeat timeout for client yIbGmTmk6crJiuqS4dyu
LOG(2013-12-16 13:41:58)
debug: set heartbeat interval for client yIbGmTmk6crJiuqS4dyu
LOG(2013-12-16 13:42:23)
debug: emitting heartbeat for client yIbGmTmk6crJiuqS4dyu
LOG(2013-12-16 13:42:23)
debug: websocket writing 2::
LOG(2013-12-16 13:42:23)
debug: set heartbeat timeout for client yIbGmTmk6crJiuqS4dyu
LOG(2013-12-16 13:42:23)
debug: got heartbeat packet
LOG(2013-12-16 13:42:23)
debug: cleared heartbeat timeout for client yIbGmTmk6crJiuqS4dyu
debug: set heartbeat interval for client yIbGmTmk6crJiuqS4dyu
LOG(2013-12-16 13:42:48)
debug: emitting heartbeat for client yIbGmTmk6crJiuqS4dyu
LOG(2013-12-16 13:42:48)
debug: websocket writing 2::
LOG(2013-12-16 13:42:48)
debug: set heartbeat timeout for client yIbGmTmk6crJiuqS4dyu
LOG(2013-12-16 13:42:48)
debug: got heartbeat packet
LOG(2013-12-16 13:42:48)
debug: cleared heartbeat timeout for client yIbGmTmk6crJiuqS4dyu
debug: set heartbeat interval for client yIbGmTmk6crJiuqS4dyu
LOG(2013-12-16 13:43:13)
debug: emitting heartbeat for client yIbGmTmk6crJiuqS4dyu
LOG(2013-12-16 13:43:13)
debug: websocket writing 2::
debug: set heartbeat timeout for client yIbGmTmk6crJiuqS4dyu
LOG(2013-12-16 13:43:13)
debug: got heartbeat packet
LOG(2013-12-16 13:43:13)
debug: cleared heartbeat timeout for client yIbGmTmk6crJiuqS4dyu
debug: set heartbeat interval for client yIbGmTmk6crJiuqS4dyu
LOG(2013-12-16 13:43:38)
debug: emitting heartbeat for client yIbGmTmk6crJiuqS4dyu
LOG(2013-12-16 13:43:38)
debug: websocket writing 2::
LOG(2013-12-16 13:43:38)
debug: set heartbeat timeout for client yIbGmTmk6crJiuqS4dyu
LOG(2013-12-16 13:43:38)
debug: got heartbeat packet
LOG(2013-12-16 13:43:38)
debug: cleared heartbeat timeout for client yIbGmTmk6crJiuqS4dyu
debug: set heartbeat interval for client yIbGmTmk6crJiuqS4dyu
LOG(2013-12-16 13:44:03)
debug: emitting heartbeat for client yIbGmTmk6crJiuqS4dyu
LOG(2013-12-16 13:44:03)
debug: websocket writing 2::
LOG(2013-12-16 13:44:03)
debug: set heartbeat timeout for client yIbGmTmk6crJiuqS4dyu
LOG(2013-12-16 13:44:03)
debug: got heartbeat packet
LOG(2013-12-16 13:44:03)
debug: cleared heartbeat timeout for client yIbGmTmk6crJiuqS4dyu
LOG(2013-12-16 13:44:03)
debug: set heartbeat interval for client yIbGmTmk6crJiuqS4dyu
LOG(2013-12-16 13:44:28)
debug: emitting heartbeat for client yIbGmTmk6crJiuqS4dyu
LOG(2013-12-16 13:44:28)
debug: websocket writing 2::
LOG(2013-12-16 13:44:28)
debug: set heartbeat timeout for client yIbGmTmk6crJiuqS4dyu
LOG(2013-12-16 13:44:28)
debug: got heartbeat packet
LOG(2013-12-16 13:44:28)
debug: cleared heartbeat timeout for client yIbGmTmk6crJiuqS4dyu
debug: set heartbeat interval for client yIbGmTmk6crJiuqS4dyu
LOG(2013-12-16 13:44:32)
im getnewlymsg: { id: '25' } { uid: '4',
  socketid: 'yIbGmTmk6crJiuqS4dyu',
  sessid: 'ff99c2039bff4d96a13f06312deea500',
  username: 'admin',
  realname: 'è¶…çº§ç®¡ç†å‘˜' }
LOG(2013-12-16 13:44:32)
{ fieldCount: 0,
  affectedRows: 0,
  insertId: 0,
  serverStatus: 2,
  warningCount: 0,
  message: '(Rows matched: 0  Changed: 0  Warnings: 0',
  protocol41: true,
  changedRows: 0 }
LOG(2013-12-16 13:44:32)
debug: sending data ack packet
debug: websocket writing 6:::4+[{"result":"ok","total":0,"rows":[]}]
getnewlymsgtime: 3ms
LOG(2013-12-16 13:44:34)
 im sendmsg: { id: '25', msg: 'asd', fujian: '' } { uid: '4',
  socketid: 'yIbGmTmk6crJiuqS4dyu',
  sessid: 'ff99c2039bff4d96a13f06312deea500',
  username: 'admin',
  realname: 'è¶…çº§ç®¡ç†å‘˜' }
LOG(2013-12-16 13:44:34)
{ fieldCount: 0,
  affectedRows: 1,
  insertId: 8,
  serverStatus: 2,
  warningCount: 0,
  message: '',
  protocol41: true,
  changedRows: 0 }
LOG(2013-12-16 13:44:34)
debug: sending data ack packet
LOG(2013-12-16 13:44:34)
debug: websocket writing 6:::5+[{"result":"ok","fcdata":{"fcid":"4","fcname":"è¶…çº§ç®¡ç†å‘˜","ztitle":"è¶…çº§ç®¡ç†å‘˜ - 2013-12-16 13:44:34","msg":"asd","fujian":"\"\"","id":8,"sid":8}}]
{ fieldCount: 0,
  affectedRows: 1,
  insertId: 8,
  serverStatus: 2,
  warningCount: 0,
  message: '',
  protocol41: true,
  changedRows: 0 }
uidemit: 25 receivemsg { result: 'ok',
  fcdata: 
   { fcid: '4',
     fcname: 'è¶…çº§ç®¡ç†å‘˜',
     ztitle: 'è¶…çº§ç®¡ç†å‘˜ - 2013-12-16 13:44:34',
     msg: 'asd',
     fujian: '""',
     id: 8,
     sid: 8 } }
sendmsgtime: 4ms
LOG(2013-12-16 13:44:41)
im getnewlymsg: { id: '26' } { uid: '4',
  socketid: 'yIbGmTmk6crJiuqS4dyu',
  sessid: 'ff99c2039bff4d96a13f06312deea500',
  username: 'admin',
  realname: 'è¶…çº§ç®¡ç†å‘˜' }
LOG(2013-12-16 13:44:41)
{ fieldCount: 0,
  affectedRows: 0,
  insertId: 0,
  serverStatus: 2,
  warningCount: 0,
  message: '(Rows matched: 0  Changed: 0  Warnings: 0',
  protocol41: true,
  changedRows: 0 }
debug: sending data ack packet
debug: websocket writing 6:::6+[{"result":"ok","total":0,"rows":[]}]
getnewlymsgtime: 1ms
LOG(2013-12-16 13:44:44)
im getnewlymsg: { id: '4' } { uid: '4',
  socketid: 'yIbGmTmk6crJiuqS4dyu',
  sessid: 'ff99c2039bff4d96a13f06312deea500',
  username: 'admin',
  realname: 'è¶…çº§ç®¡ç†å‘˜' }
LOG(2013-12-16 13:44:44)
{ fieldCount: 0,
  affectedRows: 0,
  insertId: 0,
  serverStatus: 2,
  warningCount: 0,
  message: '(Rows matched: 0  Changed: 0  Warnings: 0',
  protocol41: true,
  changedRows: 0 }
debug: sending data ack packet
debug: websocket writing 6:::7+[{"result":"ok","total":1,"rows":[{"id":7,"sid":7,"jsid":4,"fcid":4,"fc":1,"fctime":1382672519,"fcname":"è¶…çº§ç®¡ç†å‘˜","ztitle":"è¶…çº§ç®¡ç†å‘˜ - 2013-10-25 11:41:59","msg":"1212","fujian":"\"\""}]}]
getnewlymsgtime: 2ms
LOG(2013-12-16 13:44:45)
 im sendmsg: { id: '4', msg: 'asd', fujian: '' } { uid: '4',
  socketid: 'yIbGmTmk6crJiuqS4dyu',
  sessid: 'ff99c2039bff4d96a13f06312deea500',
  username: 'admin',
  realname: 'è¶…çº§ç®¡ç†å‘˜' }
LOG(2013-12-16 13:44:45)
{ fieldCount: 0,
  affectedRows: 1,
  insertId: 9,
  serverStatus: 2,
  warningCount: 0,
  message: '',
  protocol41: true,
  changedRows: 0 }
LOG(2013-12-16 13:44:45)
debug: sending data ack packet
LOG(2013-12-16 13:44:45)
debug: websocket writing 6:::8+[{"result":"ok","fcdata":{"fcid":"4","fcname":"è¶…çº§ç®¡ç†å‘˜","ztitle":"è¶…çº§ç®¡ç†å‘˜ - 2013-12-16 13:44:45","msg":"asd","fujian":"\"\"","id":9,"sid":9}}]
LOG(2013-12-16 13:44:45)
{ fieldCount: 0,
  affectedRows: 1,
  insertId: 9,
  serverStatus: 2,
  warningCount: 0,
  message: '',
  protocol41: true,
  changedRows: 0 }
LOG(2013-12-16 13:44:45)
uidemit: 4 receivemsg { result: 'ok',
  fcdata: 
   { fcid: '4',
     fcname: 'è¶…çº§ç®¡ç†å‘˜',
     ztitle: 'è¶…çº§ç®¡ç†å‘˜ - 2013-12-16 13:44:45',
     msg: 'asd',
     fujian: '""',
     id: 9,
     sid: 9 } }
LOG(2013-12-16 13:44:45)
debug: websocket writing 5:::{"name":"receivemsg","args":[{"result":"ok","fcdata":{"fcid":"4","fcname":"è¶…çº§ç®¡ç†å‘˜","ztitle":"è¶…çº§ç®¡ç†å‘˜ - 2013-12-16 13:44:45","msg":"asd","fujian":"\"\"","id":9,"sid":9}}]}
LOG(2013-12-16 13:44:45)
sendmsgtime: 3ms
LOG(2013-12-16 13:44:45)
im getnoreadmsg: {} { uid: '4',
  socketid: 'yIbGmTmk6crJiuqS4dyu',
  sessid: 'ff99c2039bff4d96a13f06312deea500',
  username: 'admin',
  realname: 'è¶…çº§ç®¡ç†å‘˜' }
LOG(2013-12-16 13:44:45)
debug: sending data ack packet
LOG(2013-12-16 13:44:45)
debug: websocket writing 6:::9+[{"result":"ok","total":1,"rows":[{"id":9,"sid":9,"jsid":4,"fcid":4,"fc":0,"fctime":1387172685,"fcname":"è¶…çº§ç®¡ç†å‘˜","ztitle":"è¶…çº§ç®¡ç†å‘˜ - 2013-12-16 13:44:45","msg":"asd","fujian":"\"\""}]}]
LOG(2013-12-16 13:44:45)
getnoreadmsgtime: 1ms
LOG(2013-12-16 13:44:47)
im getnewlymsg: { id: 4 } { uid: '4',
  socketid: 'yIbGmTmk6crJiuqS4dyu',
  sessid: 'ff99c2039bff4d96a13f06312deea500',
  username: 'admin',
  realname: 'è¶…çº§ç®¡ç†å‘˜' }
LOG(2013-12-16 13:44:47)
{ fieldCount: 0,
  affectedRows: 1,
  insertId: 0,
  serverStatus: 2,
  warningCount: 0,
  message: '(Rows matched: 1  Changed: 1  Warnings: 0',
  protocol41: true,
  changedRows: 1 }
debug: sending data ack packet
debug: websocket writing 6:::10+[{"result":"ok","total":2,"rows":[{"id":9,"sid":9,"jsid":4,"fcid":4,"fc":1,"fctime":1387172685,"fcname":"è¶…çº§ç®¡ç†å‘˜","ztitle":"è¶…çº§ç®¡ç†å‘˜ - 2013-12-16 13:44:45","msg":"asd","fujian":"\"\""},{"id":7,"sid":7,"jsid":4,"fcid":4,"fc":1,"fctime":1382672519,"fcname":"è¶…çº§ç®¡ç†å‘˜","ztitle":"è¶…çº§ç®¡ç†å‘˜ - 2013-10-25 11:41:59","msg":"1212","fujian":"\"\""}]}]
getnewlymsgtime: 2ms
LOG(2013-12-16 13:44:52)
im getnewlymsg: { id: 4 } { uid: '4',
  socketid: 'yIbGmTmk6crJiuqS4dyu',
  sessid: 'ff99c2039bff4d96a13f06312deea500',
  username: 'admin',
  realname: 'è¶…çº§ç®¡ç†å‘˜' }
LOG(2013-12-16 13:44:52)
{ fieldCount: 0,
  affectedRows: 0,
  insertId: 0,
  serverStatus: 2,
  warningCount: 0,
  message: '(Rows matched: 0  Changed: 0  Warnings: 0',
  protocol41: true,
  changedRows: 0 }
LOG(2013-12-16 13:44:52)
debug: sending data ack packet
debug: websocket writing 6:::11+[{"result":"ok","total":2,"rows":[{"id":9,"sid":9,"jsid":4,"fcid":4,"fc":1,"fctime":1387172685,"fcname":"è¶…çº§ç®¡ç†å‘˜","ztitle":"è¶…çº§ç®¡ç†å‘˜ - 2013-12-16 13:44:45","msg":"asd","fujian":"\"\""},{"id":7,"sid":7,"jsid":4,"fcid":4,"fc":1,"fctime":1382672519,"fcname":"è¶…çº§ç®¡ç†å‘˜","ztitle":"è¶…çº§ç®¡ç†å‘˜ - 2013-10-25 11:41:59","msg":"1212","fujian":"\"\""}]}]
getnewlymsgtime: 3ms
LOG(2013-12-16 13:44:53)
debug: emitting heartbeat for client yIbGmTmk6crJiuqS4dyu
LOG(2013-12-16 13:44:53)
debug: websocket writing 2::
debug: set heartbeat timeout for client yIbGmTmk6crJiuqS4dyu
debug: got heartbeat packet
debug: cleared heartbeat timeout for client yIbGmTmk6crJiuqS4dyu
debug: set heartbeat interval for client yIbGmTmk6crJiuqS4dyu
LOG(2013-12-16 13:45:18)
debug: emitting heartbeat for client yIbGmTmk6crJiuqS4dyu
LOG(2013-12-16 13:45:18)
debug: websocket writing 2::
LOG(2013-12-16 13:45:18)
debug: set heartbeat timeout for client yIbGmTmk6crJiuqS4dyu
LOG(2013-12-16 13:45:18)
debug: got heartbeat packet
LOG(2013-12-16 13:45:18)
debug: cleared heartbeat timeout for client yIbGmTmk6crJiuqS4dyu
debug: set heartbeat interval for client yIbGmTmk6crJiuqS4dyu
LOG(2013-12-16 13:45:43)
debug: emitting heartbeat for client yIbGmTmk6crJiuqS4dyu
LOG(2013-12-16 13:45:43)
debug: websocket writing 2::
LOG(2013-12-16 13:45:43)
debug: set heartbeat timeout for client yIbGmTmk6crJiuqS4dyu
LOG(2013-12-16 13:45:43)
debug: got heartbeat packet
LOG(2013-12-16 13:45:43)
debug: cleared heartbeat timeout for client yIbGmTmk6crJiuqS4dyu
debug: set heartbeat interval for client yIbGmTmk6crJiuqS4dyu
LOG(2013-12-16 13:46:08)
debug: emitting heartbeat for client yIbGmTmk6crJiuqS4dyu
LOG(2013-12-16 13:46:08)
debug: websocket writing 2::
LOG(2013-12-16 13:46:08)
debug: set heartbeat timeout for client yIbGmTmk6crJiuqS4dyu
LOG(2013-12-16 13:46:08)
debug: got heartbeat packet
LOG(2013-12-16 13:46:08)
debug: cleared heartbeat timeout for client yIbGmTmk6crJiuqS4dyu
debug: set heartbeat interval for client yIbGmTmk6crJiuqS4dyu
LOG(2013-12-16 13:46:33)
debug: emitting heartbeat for client yIbGmTmk6crJiuqS4dyu
LOG(2013-12-16 13:46:33)
debug: set heartbeat timeout for client yIbGmTmk6crJiuqS4dyu
LOG(2013-12-16 13:46:33)
debug: websocket writing 2::
LOG(2013-12-16 13:46:33)
debug: got heartbeat packet
LOG(2013-12-16 13:46:33)
debug: cleared heartbeat timeout for client yIbGmTmk6crJiuqS4dyu
LOG(2013-12-16 13:46:33)
debug: set heartbeat interval for client yIbGmTmk6crJiuqS4dyu
LOG(2013-12-16 13:46:58)
debug: emitting heartbeat for client yIbGmTmk6crJiuqS4dyu
LOG(2013-12-16 13:46:58)
debug: set heartbeat timeout for client yIbGmTmk6crJiuqS4dyu
LOG(2013-12-16 13:46:58)
debug: websocket writing 2::
LOG(2013-12-16 13:46:58)
debug: got heartbeat packet
LOG(2013-12-16 13:46:58)
debug: cleared heartbeat timeout for client yIbGmTmk6crJiuqS4dyu
debug: set heartbeat interval for client yIbGmTmk6crJiuqS4dyu
LOG(2013-12-16 13:47:23)
debug: emitting heartbeat for client yIbGmTmk6crJiuqS4dyu
LOG(2013-12-16 13:47:23)
debug: websocket writing 2::
LOG(2013-12-16 13:47:23)
debug: set heartbeat timeout for client yIbGmTmk6crJiuqS4dyu
LOG(2013-12-16 13:47:23)
debug: got heartbeat packet
LOG(2013-12-16 13:47:23)
debug: cleared heartbeat timeout for client yIbGmTmk6crJiuqS4dyu
debug: set heartbeat interval for client yIbGmTmk6crJiuqS4dyu
LOG(2013-12-16 13:47:48)
debug: emitting heartbeat for client yIbGmTmk6crJiuqS4dyu
LOG(2013-12-16 13:47:48)
debug: websocket writing 2::
LOG(2013-12-16 13:47:48)
debug: set heartbeat timeout for client yIbGmTmk6crJiuqS4dyu
LOG(2013-12-16 13:47:48)
debug: got heartbeat packet
LOG(2013-12-16 13:47:48)
debug: cleared heartbeat timeout for client yIbGmTmk6crJiuqS4dyu
debug: set heartbeat interval for client yIbGmTmk6crJiuqS4dyu
LOG(2013-12-16 13:48:13)
debug: emitting heartbeat for client yIbGmTmk6crJiuqS4dyu
LOG(2013-12-16 13:48:13)
debug: websocket writing 2::
LOG(2013-12-16 13:48:13)
debug: set heartbeat timeout for client yIbGmTmk6crJiuqS4dyu
LOG(2013-12-16 13:48:13)
debug: got heartbeat packet
LOG(2013-12-16 13:48:13)
debug: cleared heartbeat timeout for client yIbGmTmk6crJiuqS4dyu
debug: set heartbeat interval for client yIbGmTmk6crJiuqS4dyu
LOG(2013-12-16 13:48:38)
debug: emitting heartbeat for client yIbGmTmk6crJiuqS4dyu
LOG(2013-12-16 13:48:38)
debug: websocket writing 2::
LOG(2013-12-16 13:48:38)
debug: set heartbeat timeout for client yIbGmTmk6crJiuqS4dyu
LOG(2013-12-16 13:48:38)
debug: got heartbeat packet
LOG(2013-12-16 13:48:38)
debug: cleared heartbeat timeout for client yIbGmTmk6crJiuqS4dyu
debug: set heartbeat interval for client yIbGmTmk6crJiuqS4dyu
LOG(2013-12-16 13:49:03)
debug: emitting heartbeat for client yIbGmTmk6crJiuqS4dyu
LOG(2013-12-16 13:49:03)
debug: websocket writing 2::
LOG(2013-12-16 13:49:03)
debug: set heartbeat timeout for client yIbGmTmk6crJiuqS4dyu
LOG(2013-12-16 13:49:03)
debug: got heartbeat packet
LOG(2013-12-16 13:49:03)
debug: cleared heartbeat timeout for client yIbGmTmk6crJiuqS4dyu
debug: set heartbeat interval for client yIbGmTmk6crJiuqS4dyu
LOG(2013-12-16 13:49:28)
debug: emitting heartbeat for client yIbGmTmk6crJiuqS4dyu
LOG(2013-12-16 13:49:28)
debug: websocket writing 2::
LOG(2013-12-16 13:49:28)
debug: set heartbeat timeout for client yIbGmTmk6crJiuqS4dyu
LOG(2013-12-16 13:49:28)
debug: got heartbeat packet
LOG(2013-12-16 13:49:28)
debug: cleared heartbeat timeout for client yIbGmTmk6crJiuqS4dyu
LOG(2013-12-16 13:49:28)
debug: set heartbeat interval for client yIbGmTmk6crJiuqS4dyu
LOG(2013-12-16 13:49:53)
debug: emitting heartbeat for client yIbGmTmk6crJiuqS4dyu
LOG(2013-12-16 13:49:53)
debug: websocket writing 2::
LOG(2013-12-16 13:49:53)
debug: set heartbeat timeout for client yIbGmTmk6crJiuqS4dyu
LOG(2013-12-16 13:49:53)
debug: got heartbeat packet
LOG(2013-12-16 13:49:53)
debug: cleared heartbeat timeout for client yIbGmTmk6crJiuqS4dyu
debug: set heartbeat interval for client yIbGmTmk6crJiuqS4dyu
LOG(2013-12-16 13:50:18)
debug: emitting heartbeat for client yIbGmTmk6crJiuqS4dyu
LOG(2013-12-16 13:50:18)
debug: websocket writing 2::
LOG(2013-12-16 13:50:18)
debug: set heartbeat timeout for client yIbGmTmk6crJiuqS4dyu
LOG(2013-12-16 13:50:18)
debug: got heartbeat packet
LOG(2013-12-16 13:50:18)
debug: cleared heartbeat timeout for client yIbGmTmk6crJiuqS4dyu
debug: set heartbeat interval for client yIbGmTmk6crJiuqS4dyu
LOG(2013-12-16 13:50:43)
debug: emitting heartbeat for client yIbGmTmk6crJiuqS4dyu
LOG(2013-12-16 13:50:43)
debug: websocket writing 2::
LOG(2013-12-16 13:50:43)
debug: set heartbeat timeout for client yIbGmTmk6crJiuqS4dyu
LOG(2013-12-16 13:50:43)
debug: got heartbeat packet
LOG(2013-12-16 13:50:43)
debug: cleared heartbeat timeout for client yIbGmTmk6crJiuqS4dyu
debug: set heartbeat interval for client yIbGmTmk6crJiuqS4dyu
LOG(2013-12-16 13:51:08)
debug: emitting heartbeat for client yIbGmTmk6crJiuqS4dyu
LOG(2013-12-16 13:51:08)
debug: websocket writing 2::
LOG(2013-12-16 13:51:08)
debug: set heartbeat timeout for client yIbGmTmk6crJiuqS4dyu
LOG(2013-12-16 13:51:08)
debug: got heartbeat packet
LOG(2013-12-16 13:51:08)
debug: cleared heartbeat timeout for client yIbGmTmk6crJiuqS4dyu
debug: set heartbeat interval for client yIbGmTmk6crJiuqS4dyu
LOG(2013-12-16 13:51:33)
debug: emitting heartbeat for client yIbGmTmk6crJiuqS4dyu
LOG(2013-12-16 13:51:33)
debug: websocket writing 2::
LOG(2013-12-16 13:51:33)
debug: set heartbeat timeout for client yIbGmTmk6crJiuqS4dyu
debug: got heartbeat packet
debug: cleared heartbeat timeout for client yIbGmTmk6crJiuqS4dyu
debug: set heartbeat interval for client yIbGmTmk6crJiuqS4dyu
LOG(2013-12-16 13:51:58)
debug: emitting heartbeat for client yIbGmTmk6crJiuqS4dyu
LOG(2013-12-16 13:51:58)
debug: websocket writing 2::
LOG(2013-12-16 13:51:58)
debug: set heartbeat timeout for client yIbGmTmk6crJiuqS4dyu
LOG(2013-12-16 13:51:58)
debug: got heartbeat packet
LOG(2013-12-16 13:51:58)
debug: cleared heartbeat timeout for client yIbGmTmk6crJiuqS4dyu
debug: set heartbeat interval for client yIbGmTmk6crJiuqS4dyu
LOG(2013-12-16 13:52:23)
debug: emitting heartbeat for client yIbGmTmk6crJiuqS4dyu
LOG(2013-12-16 13:52:23)
debug: websocket writing 2::
LOG(2013-12-16 13:52:23)
debug: set heartbeat timeout for client yIbGmTmk6crJiuqS4dyu
LOG(2013-12-16 13:52:23)
debug: got heartbeat packet
LOG(2013-12-16 13:52:23)
debug: cleared heartbeat timeout for client yIbGmTmk6crJiuqS4dyu
debug: set heartbeat interval for client yIbGmTmk6crJiuqS4dyu
LOG(2013-12-16 13:52:48)
debug: emitting heartbeat for client yIbGmTmk6crJiuqS4dyu
LOG(2013-12-16 13:52:48)
debug: websocket writing 2::
LOG(2013-12-16 13:52:48)
debug: set heartbeat timeout for client yIbGmTmk6crJiuqS4dyu
LOG(2013-12-16 13:52:48)
debug: got heartbeat packet
LOG(2013-12-16 13:52:48)
debug: cleared heartbeat timeout for client yIbGmTmk6crJiuqS4dyu
debug: set heartbeat interval for client yIbGmTmk6crJiuqS4dyu
LOG(2013-12-16 13:53:13)
debug: emitting heartbeat for client yIbGmTmk6crJiuqS4dyu
LOG(2013-12-16 13:53:13)
debug: websocket writing 2::
LOG(2013-12-16 13:53:13)
debug: set heartbeat timeout for client yIbGmTmk6crJiuqS4dyu
LOG(2013-12-16 13:53:13)
debug: got heartbeat packet
LOG(2013-12-16 13:53:13)
debug: cleared heartbeat timeout for client yIbGmTmk6crJiuqS4dyu
debug: set heartbeat interval for client yIbGmTmk6crJiuqS4dyu
LOG(2013-12-16 13:53:38)
debug: emitting heartbeat for client yIbGmTmk6crJiuqS4dyu
LOG(2013-12-16 13:53:38)
debug: set heartbeat timeout for client yIbGmTmk6crJiuqS4dyu
LOG(2013-12-16 13:53:38)
debug: websocket writing 2::
LOG(2013-12-16 13:53:38)
debug: got heartbeat packet
LOG(2013-12-16 13:53:38)
debug: cleared heartbeat timeout for client yIbGmTmk6crJiuqS4dyu
debug: set heartbeat interval for client yIbGmTmk6crJiuqS4dyu
LOG(2013-12-16 13:54:03)
debug: emitting heartbeat for client yIbGmTmk6crJiuqS4dyu
LOG(2013-12-16 13:54:03)
debug: websocket writing 2::
debug: set heartbeat timeout for client yIbGmTmk6crJiuqS4dyu
LOG(2013-12-16 13:54:03)
debug: got heartbeat packet
LOG(2013-12-16 13:54:03)
debug: cleared heartbeat timeout for client yIbGmTmk6crJiuqS4dyu
debug: set heartbeat interval for client yIbGmTmk6crJiuqS4dyu
LOG(2013-12-16 13:54:28)
debug: emitting heartbeat for client yIbGmTmk6crJiuqS4dyu
LOG(2013-12-16 13:54:28)
debug: websocket writing 2::
LOG(2013-12-16 13:54:28)
debug: set heartbeat timeout for client yIbGmTmk6crJiuqS4dyu
LOG(2013-12-16 13:54:28)
debug: got heartbeat packet
LOG(2013-12-16 13:54:28)
debug: cleared heartbeat timeout for client yIbGmTmk6crJiuqS4dyu
debug: set heartbeat interval for client yIbGmTmk6crJiuqS4dyu
LOG(2013-12-16 13:54:53)
debug: emitting heartbeat for client yIbGmTmk6crJiuqS4dyu
LOG(2013-12-16 13:54:53)
debug: websocket writing 2::
LOG(2013-12-16 13:54:53)
debug: set heartbeat timeout for client yIbGmTmk6crJiuqS4dyu
LOG(2013-12-16 13:54:53)
debug: got heartbeat packet
LOG(2013-12-16 13:54:53)
debug: cleared heartbeat timeout for client yIbGmTmk6crJiuqS4dyu
debug: set heartbeat interval for client yIbGmTmk6crJiuqS4dyu
LOG(2013-12-16 13:55:18)
debug: emitting heartbeat for client yIbGmTmk6crJiuqS4dyu
LOG(2013-12-16 13:55:18)
debug: websocket writing 2::
LOG(2013-12-16 13:55:18)
debug: set heartbeat timeout for client yIbGmTmk6crJiuqS4dyu
LOG(2013-12-16 13:55:18)
debug: got heartbeat packet
LOG(2013-12-16 13:55:18)
debug: cleared heartbeat timeout for client yIbGmTmk6crJiuqS4dyu
debug: set heartbeat interval for client yIbGmTmk6crJiuqS4dyu
LOG(2013-12-16 13:55:43)
debug: emitting heartbeat for client yIbGmTmk6crJiuqS4dyu
LOG(2013-12-16 13:55:43)
debug: websocket writing 2::
LOG(2013-12-16 13:55:43)
debug: set heartbeat timeout for client yIbGmTmk6crJiuqS4dyu
LOG(2013-12-16 13:55:43)
debug: got heartbeat packet
LOG(2013-12-16 13:55:43)
debug: cleared heartbeat timeout for client yIbGmTmk6crJiuqS4dyu
debug: set heartbeat interval for client yIbGmTmk6crJiuqS4dyu
LOG(2013-12-16 13:56:08)
debug: emitting heartbeat for client yIbGmTmk6crJiuqS4dyu
LOG(2013-12-16 13:56:08)
debug: websocket writing 2::
LOG(2013-12-16 13:56:08)
debug: set heartbeat timeout for client yIbGmTmk6crJiuqS4dyu
debug: got heartbeat packet
LOG(2013-12-16 13:56:08)
debug: cleared heartbeat timeout for client yIbGmTmk6crJiuqS4dyu
debug: set heartbeat interval for client yIbGmTmk6crJiuqS4dyu
LOG(2013-12-16 13:56:08)
im getnewlymsg: { id: 4 } { uid: '4',
  socketid: 'yIbGmTmk6crJiuqS4dyu',
  sessid: 'ff99c2039bff4d96a13f06312deea500',
  username: 'admin',
  realname: 'è¶…çº§ç®¡ç†å‘˜' }
LOG(2013-12-16 13:56:08)
{ fieldCount: 0,
  affectedRows: 0,
  insertId: 0,
  serverStatus: 2,
  warningCount: 0,
  message: '(Rows matched: 0  Changed: 0  Warnings: 0',
  protocol41: true,
  changedRows: 0 }
debug: sending data ack packet
debug: websocket writing 6:::12+[{"result":"ok","total":2,"rows":[{"id":9,"sid":9,"jsid":4,"fcid":4,"fc":1,"fctime":1387172685,"fcname":"è¶…çº§ç®¡ç†å‘˜","ztitle":"è¶…çº§ç®¡ç†å‘˜ - 2013-12-16 13:44:45","msg":"asd","fujian":"\"\""},{"id":7,"sid":7,"jsid":4,"fcid":4,"fc":1,"fctime":1382672519,"fcname":"è¶…çº§ç®¡ç†å‘˜","ztitle":"è¶…çº§ç®¡ç†å‘˜ - 2013-10-25 11:41:59","msg":"1212","fujian":"\"\""}]}]
getnewlymsgtime: 3ms
LOG(2013-12-16 13:56:14)
im getnewlymsg: { id: 4 } { uid: '4',
  socketid: 'yIbGmTmk6crJiuqS4dyu',
  sessid: 'ff99c2039bff4d96a13f06312deea500',
  username: 'admin',
  realname: 'è¶…çº§ç®¡ç†å‘˜' }
LOG(2013-12-16 13:56:14)
{ fieldCount: 0,
  affectedRows: 0,
  insertId: 0,
  serverStatus: 2,
  warningCount: 0,
  message: '(Rows matched: 0  Changed: 0  Warnings: 0',
  protocol41: true,
  changedRows: 0 }
LOG(2013-12-16 13:56:14)
debug: sending data ack packet
debug: websocket writing 6:::13+[{"result":"ok","total":2,"rows":[{"id":9,"sid":9,"jsid":4,"fcid":4,"fc":1,"fctime":1387172685,"fcname":"è¶…çº§ç®¡ç†å‘˜","ztitle":"è¶…çº§ç®¡ç†å‘˜ - 2013-12-16 13:44:45","msg":"asd","fujian":"\"\""},{"id":7,"sid":7,"jsid":4,"fcid":4,"fc":1,"fctime":1382672519,"fcname":"è¶…çº§ç®¡ç†å‘˜","ztitle":"è¶…çº§ç®¡ç†å‘˜ - 2013-10-25 11:41:59","msg":"1212","fujian":"\"\""}]}]
getnewlymsgtime: 2ms
LOG(2013-12-16 13:56:33)
debug: emitting heartbeat for client yIbGmTmk6crJiuqS4dyu
LOG(2013-12-16 13:56:33)
debug: websocket writing 2::
LOG(2013-12-16 13:56:33)
debug: set heartbeat timeout for client yIbGmTmk6crJiuqS4dyu
debug: got heartbeat packet
LOG(2013-12-16 13:56:33)
debug: cleared heartbeat timeout for client yIbGmTmk6crJiuqS4dyu
debug: set heartbeat interval for client yIbGmTmk6crJiuqS4dyu
LOG(2013-12-16 13:56:58)
debug: emitting heartbeat for client yIbGmTmk6crJiuqS4dyu
LOG(2013-12-16 13:56:58)
debug: websocket writing 2::
debug: set heartbeat timeout for client yIbGmTmk6crJiuqS4dyu
LOG(2013-12-16 13:56:58)
debug: got heartbeat packet
LOG(2013-12-16 13:56:58)
debug: cleared heartbeat timeout for client yIbGmTmk6crJiuqS4dyu
LOG(2013-12-16 13:56:58)
debug: set heartbeat interval for client yIbGmTmk6crJiuqS4dyu
LOG(2013-12-16 13:57:23)
debug: emitting heartbeat for client yIbGmTmk6crJiuqS4dyu
LOG(2013-12-16 13:57:23)
debug: websocket writing 2::
debug: set heartbeat timeout for client yIbGmTmk6crJiuqS4dyu
LOG(2013-12-16 13:57:23)
debug: got heartbeat packet
LOG(2013-12-16 13:57:23)
debug: cleared heartbeat timeout for client yIbGmTmk6crJiuqS4dyu
debug: set heartbeat interval for client yIbGmTmk6crJiuqS4dyu
LOG(2013-12-16 13:57:48)
debug: emitting heartbeat for client yIbGmTmk6crJiuqS4dyu
LOG(2013-12-16 13:57:48)
debug: websocket writing 2::
debug: set heartbeat timeout for client yIbGmTmk6crJiuqS4dyu
debug: got heartbeat packet
debug: cleared heartbeat timeout for client yIbGmTmk6crJiuqS4dyu
debug: set heartbeat interval for client yIbGmTmk6crJiuqS4dyu
LOG(2013-12-16 13:58:13)
debug: emitting heartbeat for client yIbGmTmk6crJiuqS4dyu
LOG(2013-12-16 13:58:13)
debug: websocket writing 2::
LOG(2013-12-16 13:58:13)
debug: set heartbeat timeout for client yIbGmTmk6crJiuqS4dyu
LOG(2013-12-16 13:58:13)
debug: got heartbeat packet
LOG(2013-12-16 13:58:13)
debug: cleared heartbeat timeout for client yIbGmTmk6crJiuqS4dyu
debug: set heartbeat interval for client yIbGmTmk6crJiuqS4dyu
LOG(2013-12-16 13:58:38)
debug: emitting heartbeat for client yIbGmTmk6crJiuqS4dyu
LOG(2013-12-16 13:58:38)
debug: websocket writing 2::
LOG(2013-12-16 13:58:38)
debug: set heartbeat timeout for client yIbGmTmk6crJiuqS4dyu
LOG(2013-12-16 13:58:38)
debug: got heartbeat packet
LOG(2013-12-16 13:58:38)
debug: cleared heartbeat timeout for client yIbGmTmk6crJiuqS4dyu
debug: set heartbeat interval for client yIbGmTmk6crJiuqS4dyu
LOG(2013-12-16 13:59:03)
debug: emitting heartbeat for client yIbGmTmk6crJiuqS4dyu
LOG(2013-12-16 13:59:03)
debug: websocket writing 2::
LOG(2013-12-16 13:59:03)
debug: set heartbeat timeout for client yIbGmTmk6crJiuqS4dyu
LOG(2013-12-16 13:59:03)
debug: got heartbeat packet
LOG(2013-12-16 13:59:03)
debug: cleared heartbeat timeout for client yIbGmTmk6crJiuqS4dyu
debug: set heartbeat interval for client yIbGmTmk6crJiuqS4dyu
LOG(2013-12-16 13:59:28)
debug: emitting heartbeat for client yIbGmTmk6crJiuqS4dyu
LOG(2013-12-16 13:59:28)
debug: websocket writing 2::
LOG(2013-12-16 13:59:28)
debug: set heartbeat timeout for client yIbGmTmk6crJiuqS4dyu
LOG(2013-12-16 13:59:28)
debug: got heartbeat packet
LOG(2013-12-16 13:59:28)
debug: cleared heartbeat timeout for client yIbGmTmk6crJiuqS4dyu
LOG(2013-12-16 13:59:28)
debug: set heartbeat interval for client yIbGmTmk6crJiuqS4dyu
LOG(2013-12-16 13:59:53)
debug: websocket writing 2::
debug: set heartbeat timeout for client yIbGmTmk6crJiuqS4dyu
LOG(2013-12-16 13:59:53)
debug: emitting heartbeat for client yIbGmTmk6crJiuqS4dyu
LOG(2013-12-16 13:59:53)
debug: got heartbeat packet
LOG(2013-12-16 13:59:53)
debug: cleared heartbeat timeout for client yIbGmTmk6crJiuqS4dyu
debug: set heartbeat interval for client yIbGmTmk6crJiuqS4dyu
LOG(2013-12-16 14:00:18)
debug: emitting heartbeat for client yIbGmTmk6crJiuqS4dyu
LOG(2013-12-16 14:00:18)
debug: websocket writing 2::
debug: set heartbeat timeout for client yIbGmTmk6crJiuqS4dyu
LOG(2013-12-16 14:00:18)
debug: got heartbeat packet
LOG(2013-12-16 14:00:18)
debug: cleared heartbeat timeout for client yIbGmTmk6crJiuqS4dyu
LOG(2013-12-16 14:00:18)
debug: set heartbeat interval for client yIbGmTmk6crJiuqS4dyu
